<?xml version="1.0" encoding="UTF-8"?>
<testsuite name="test1"
           tests="3"
           failures="1"
           errors="0"
           skipped="2"
           time="32.771">
  <properties />
            <testcase name="f" time="11.022" classname="Testcases.OpenBugTest">
                <failure type="org.openqa.selenium.TimeoutException"
                  message="Expected condition failed: waiting for Common.basepage$1@43b9fd5 (tried for 5 second(s) with 500 MILLISECONDS interval)
Build info: version: &apos;3.0.0&apos;, revision: &apos;350cf60&apos;, time: &apos;2016-10-13 10:48:57 -0700&apos;
System info: host: &apos;WIN-AN7GGQLOUGK&apos;, ip: &apos;192.168.155.2&apos;, os.name: &apos;Windows Server 2008 R2&apos;, os.arch: &apos;amd64&apos;, os.version: &apos;6.1&apos;, java.version: &apos;1.8.0_05&apos;
Driver info: org.openqa.selenium.chrome.ChromeDriver
Capabilities [{applicationCacheEnabled=false, rotatable=false, chrome={userDataDir=C:\Users\ADMINI~1\AppData\Local\Temp\scoped_dir504_2983}, takesHeapSnapshot=true, databaseEnabled=false, handlesAlerts=true, version=48.0.2564.116, platform=XP, browserConnectionEnabled=false, nativeEvents=true, acceptSslCerts=true, locationContextEnabled=true, webStorageEnabled=true, browserName=chrome, takesScreenshot=true, javascriptEnabled=true, cssSelectorsEnabled=true}]
Session ID: e6952ecd88bac030dede69a29559748a"
              >
<![CDATA[org.openqa.selenium.TimeoutException: Expected condition failed: waiting for Common.basepage$1@43b9fd5 (tried for 5 second(s) with 500 MILLISECONDS interval)
Build info: version: '3.0.0', revision: '350cf60', time: '2016-10-13 10:48:57 -0700'
System info: host: 'WIN-AN7GGQLOUGK', ip: '192.168.155.2', os.name: 'Windows Server 2008 R2', os.arch: 'amd64', os.version: '6.1', java.version: '1.8.0_05'
Driver info: org.openqa.selenium.chrome.ChromeDriver
Capabilities [{applicationCacheEnabled=false, rotatable=false, chrome={userDataDir=C:\Users\ADMINI~1\AppData\Local\Temp\scoped_dir504_2983}, takesHeapSnapshot=true, databaseEnabled=false, handlesAlerts=true, version=48.0.2564.116, platform=XP, browserConnectionEnabled=false, nativeEvents=true, acceptSslCerts=true, locationContextEnabled=true, webStorageEnabled=true, browserName=chrome, takesScreenshot=true, javascriptEnabled=true, cssSelectorsEnabled=true}]
Session ID: e6952ecd88bac030dede69a29559748a
  org.openqa.selenium.support.ui.WebDriverWait.timeoutException(WebDriverWait.java:80)
  org.openqa.selenium.support.ui.FluentWait.until(FluentWait.java:265)
  Common.basepage.findelement(basepage.java:29)
  Common.basepage.type(basepage.java:78)
  Pages.loginpage.typeusername(loginpage.java:26)
  Functions.loginOperate.login(loginOperate.java:21)
  Workflow.workflow.openbugpage(workflow.java:22)
  Testcases.OpenBugTest.f(OpenBugTest.java:32)
  sun.reflect.NativeMethodAccessorImpl.invoke0(Native Method)
  sun.reflect.NativeMethodAccessorImpl.invoke(Unknown Source)
  sun.reflect.DelegatingMethodAccessorImpl.invoke(Unknown Source)
  java.lang.reflect.Method.invoke(Unknown Source)
  org.testng.internal.MethodInvocationHelper.invokeMethod(MethodInvocationHelper.java:86)
  org.testng.internal.Invoker.invokeMethod(Invoker.java:643)
  org.testng.internal.Invoker.retryFailed(Invoker.java:967)
  org.testng.internal.Invoker.invokeTestMethods(Invoker.java:1146)
  org.testng.internal.TestMethodWorker.invokeTestMethods(TestMethodWorker.java:129)
  org.testng.internal.TestMethodWorker.run(TestMethodWorker.java:112)
  org.testng.TestRunner.privateRun(TestRunner.java:782)
  org.testng.TestRunner.run(TestRunner.java:632)
  org.testng.SuiteRunner.runTest(SuiteRunner.java:366)
  org.testng.SuiteRunner.runSequentially(SuiteRunner.java:361)
  org.testng.SuiteRunner.privateRun(SuiteRunner.java:319)
  org.testng.SuiteRunner.run(SuiteRunner.java:268)
  org.testng.SuiteRunnerWorker.runSuite(SuiteRunnerWorker.java:52)
  org.testng.SuiteRunnerWorker.run(SuiteRunnerWorker.java:86)
  org.testng.TestNG.runSuitesSequentially(TestNG.java:1244)
  org.testng.TestNG.runSuitesLocally(TestNG.java:1169)
  org.testng.TestNG.run(TestNG.java:1064)
  org.testng.remote.RemoteTestNG.run(RemoteTestNG.java:113)
  org.testng.remote.RemoteTestNG.initAndRun(RemoteTestNG.java:206)
  org.testng.remote.RemoteTestNG.main(RemoteTestNG.java:177)
Caused by: org.openqa.selenium.NoSuchElementException: no such element
  (Session info: chrome=48.0.2564.116)
  (Driver info: chromedriver=2.9.248315,platform=Windows NT 6.1 x86_64) (WARNING: The server did not provide any stacktrace information)
Command duration or timeout: 10.18 seconds
For documentation on this error, please visit: http://seleniumhq.org/exceptions/no_such_element.html
Build info: version: '3.0.0', revision: '350cf60', time: '2016-10-13 10:48:57 -0700'
System info: host: 'WIN-AN7GGQLOUGK', ip: '192.168.155.2', os.name: 'Windows Server 2008 R2', os.arch: 'amd64', os.version: '6.1', java.version: '1.8.0_05'
Driver info: org.openqa.selenium.chrome.ChromeDriver
Capabilities [{applicationCacheEnabled=false, rotatable=false, chrome={userDataDir=C:\Users\ADMINI~1\AppData\Local\Temp\scoped_dir504_2983}, takesHeapSnapshot=true, databaseEnabled=false, handlesAlerts=true, version=48.0.2564.116, platform=XP, browserConnectionEnabled=false, nativeEvents=true, acceptSslCerts=true, locationContextEnabled=true, webStorageEnabled=true, browserName=chrome, takesScreenshot=true, javascriptEnabled=true, cssSelectorsEnabled=true}]
Session ID: e6952ecd88bac030dede69a29559748a
*** Element info: {Using=css selector, value=input#account}
  sun.reflect.NativeConstructorAccessorImpl.newInstance0(Native Method)
  sun.reflect.NativeConstructorAccessorImpl.newInstance(Unknown Source)
  sun.reflect.DelegatingConstructorAccessorImpl.newInstance(Unknown Source)
  java.lang.reflect.Constructor.newInstance(Unknown Source)
  org.openqa.selenium.remote.ErrorHandler.createThrowable(ErrorHandler.java:216)
  org.openqa.selenium.remote.ErrorHandler.throwIfResponseFailed(ErrorHandler.java:168)
  org.openqa.selenium.remote.RemoteWebDriver.execute(RemoteWebDriver.java:635)
  org.openqa.selenium.remote.RemoteWebDriver.findElement(RemoteWebDriver.java:368)
  org.openqa.selenium.remote.RemoteWebDriver.findElementByCssSelector(RemoteWebDriver.java:465)
  org.openqa.selenium.By$ByCssSelector.findElement(By.java:430)
  org.openqa.selenium.remote.RemoteWebDriver.findElement(RemoteWebDriver.java:360)
  Common.basepage.getElement(basepage.java:56)
  Common.basepage$1.apply(basepage.java:31)
  Common.basepage$1.apply(basepage.java:1)
  org.openqa.selenium.support.ui.FluentWait.until(FluentWait.java:238)
  Common.basepage.findelement(basepage.java:29)
  Common.basepage.type(basepage.java:78)
  Pages.loginpage.typeusername(loginpage.java:26)
  Functions.loginOperate.login(loginOperate.java:21)
  Workflow.workflow.openbugpage(workflow.java:22)
  Testcases.OpenBugTest.f(OpenBugTest.java:32)
  sun.reflect.NativeMethodAccessorImpl.invoke0(Native Method)
  sun.reflect.NativeMethodAccessorImpl.invoke(Unknown Source)
  sun.reflect.DelegatingMethodAccessorImpl.invoke(Unknown Source)
  java.lang.reflect.Method.invoke(Unknown Source)
  org.testng.internal.MethodInvocationHelper.invokeMethod(MethodInvocationHelper.java:86)
  org.testng.internal.Invoker.invokeMethod(Invoker.java:643)
  org.testng.internal.Invoker.retryFailed(Invoker.java:967)
  org.testng.internal.Invoker.invokeTestMethods(Invoker.java:1146)
  org.testng.internal.TestMethodWorker.invokeTestMethods(TestMethodWorker.java:129)
  org.testng.internal.TestMethodWorker.run(TestMethodWorker.java:112)
  org.testng.TestRunner.privateRun(TestRunner.java:782)
  org.testng.TestRunner.run(TestRunner.java:632)
  org.testng.SuiteRunner.runTest(SuiteRunner.java:366)
  org.testng.SuiteRunner.runSequentially(SuiteRunner.java:361)
  org.testng.SuiteRunner.privateRun(SuiteRunner.java:319)
  org.testng.SuiteRunner.run(SuiteRunner.java:268)
  org.testng.SuiteRunnerWorker.runSuite(SuiteRunnerWorker.java:52)
  org.testng.SuiteRunnerWorker.run(SuiteRunnerWorker.java:86)
  org.testng.TestNG.runSuitesSequentially(TestNG.java:1244)
  org.testng.TestNG.runSuitesLocally(TestNG.java:1169)
  org.testng.TestNG.run(TestNG.java:1064)
  org.testng.remote.RemoteTestNG.run(RemoteTestNG.java:113)
  org.testng.remote.RemoteTestNG.initAndRun(RemoteTestNG.java:206)
  org.testng.remote.RemoteTestNG.main(RemoteTestNG.java:177)
]]>
      </failure>

          </testcase>
  
            <testcase name="f" time="0.0" classname="Testcases.OpenBugTest">
          <skipped />
    </testcase>
            <testcase name="f" time="0.0" classname="Testcases.OpenBugTest">
          <skipped />
    </testcase>
  
  
</testsuite>
